Determining if the pthread_create exist failed with the following output:
Change Dir: /home/jonathan/catkin_ws/build/CMakeFiles/CMakeTmp

Run Build Command:/usr/bin/make "cmTryCompileExec2629113823/fast"
/usr/bin/make -f CMakeFiles/cmTryCompileExec2629113823.dir/build.make CMakeFiles/cmTryCompileExec2629113823.dir/build
make[1]: Entering directory `/home/jonathan/catkin_ws/build/CMakeFiles/CMakeTmp'
/usr/bin/cmake -E cmake_progress_report /home/jonathan/catkin_ws/build/CMakeFiles/CMakeTmp/CMakeFiles 1
Building C object CMakeFiles/cmTryCompileExec2629113823.dir/CheckSymbolExists.c.o
/usr/bin/cc    -o CMakeFiles/cmTryCompileExec2629113823.dir/CheckSymbolExists.c.o   -c /home/jonathan/catkin_ws/build/CMakeFiles/CMakeTmp/CheckSymbolExists.c
Linking C executable cmTryCompileExec2629113823
/usr/bin/cmake -E cmake_link_script CMakeFiles/cmTryCompileExec2629113823.dir/link.txt --verbose=1
/usr/bin/cc       CMakeFiles/cmTryCompileExec2629113823.dir/CheckSymbolExists.c.o  -o cmTryCompileExec2629113823 -rdynamic 
CMakeFiles/cmTryCompileExec2629113823.dir/CheckSymbolExists.c.o: In function `main':
CheckSymbolExists.c:(.text+0x16): undefined reference to `pthread_create'
collect2: error: ld returned 1 exit status
make[1]: *** [cmTryCompileExec2629113823] Error 1
make[1]: Leaving directory `/home/jonathan/catkin_ws/build/CMakeFiles/CMakeTmp'
make: *** [cmTryCompileExec2629113823/fast] Error 2

File /home/jonathan/catkin_ws/build/CMakeFiles/CMakeTmp/CheckSymbolExists.c:
/* */
#include <pthread.h>

int main(int argc, char** argv)
{
  (void)argv;
#ifndef pthread_create
  return ((int*)(&pthread_create))[argc];
#else
  (void)argc;
  return 0;
#endif
}

Determining if the function pthread_create exists in the pthreads failed with the following output:
Change Dir: /home/jonathan/catkin_ws/build/CMakeFiles/CMakeTmp

Run Build Command:/usr/bin/make "cmTryCompileExec537076888/fast"
/usr/bin/make -f CMakeFiles/cmTryCompileExec537076888.dir/build.make CMakeFiles/cmTryCompileExec537076888.dir/build
make[1]: Entering directory `/home/jonathan/catkin_ws/build/CMakeFiles/CMakeTmp'
/usr/bin/cmake -E cmake_progress_report /home/jonathan/catkin_ws/build/CMakeFiles/CMakeTmp/CMakeFiles 1
Building C object CMakeFiles/cmTryCompileExec537076888.dir/CheckFunctionExists.c.o
/usr/bin/cc   -DCHECK_FUNCTION_EXISTS=pthread_create   -o CMakeFiles/cmTryCompileExec537076888.dir/CheckFunctionExists.c.o   -c /usr/share/cmake-2.8/Modules/CheckFunctionExists.c
Linking C executable cmTryCompileExec537076888
/usr/bin/cmake -E cmake_link_script CMakeFiles/cmTryCompileExec537076888.dir/link.txt --verbose=1
/usr/bin/cc   -DCHECK_FUNCTION_EXISTS=pthread_create    CMakeFiles/cmTryCompileExec537076888.dir/CheckFunctionExists.c.o  -o cmTryCompileExec537076888 -rdynamic -lpthreads 
/usr/bin/ld: cannot find -lpthreads
collect2: error: ld returned 1 exit status
make[1]: *** [cmTryCompileExec537076888] Error 1
make[1]: Leaving directory `/home/jonathan/catkin_ws/build/CMakeFiles/CMakeTmp'
make: *** [cmTryCompileExec537076888/fast] Error 2


Determining if the Q_WS_WIN exist failed with the following output:
Change Dir: /home/jonathan/catkin_ws/build/CMakeFiles/CMakeTmp

Run Build Command:/usr/bin/make "cmTryCompileExec3108942899/fast"
/usr/bin/make -f CMakeFiles/cmTryCompileExec3108942899.dir/build.make CMakeFiles/cmTryCompileExec3108942899.dir/build
make[1]: Entering directory `/home/jonathan/catkin_ws/build/CMakeFiles/CMakeTmp'
/usr/bin/cmake -E cmake_progress_report /home/jonathan/catkin_ws/build/CMakeFiles/CMakeTmp/CMakeFiles 1
Building CXX object CMakeFiles/cmTryCompileExec3108942899.dir/CheckSymbolExists.cxx.o
/usr/bin/c++    -I/usr/include/qt4    -o CMakeFiles/cmTryCompileExec3108942899.dir/CheckSymbolExists.cxx.o -c /home/jonathan/catkin_ws/build/CMakeFiles/CMakeTmp/CheckSymbolExists.cxx
/home/jonathan/catkin_ws/build/CMakeFiles/CMakeTmp/CheckSymbolExists.cxx: In function ‘int main(int, char**)’:
/home/jonathan/catkin_ws/build/CMakeFiles/CMakeTmp/CheckSymbolExists.cxx:8:19: error: ‘Q_WS_WIN’ was not declared in this scope
   return ((int*)(&Q_WS_WIN))[argc];
                   ^
make[1]: *** [CMakeFiles/cmTryCompileExec3108942899.dir/CheckSymbolExists.cxx.o] Error 1
make[1]: Leaving directory `/home/jonathan/catkin_ws/build/CMakeFiles/CMakeTmp'
make: *** [cmTryCompileExec3108942899/fast] Error 2

File /home/jonathan/catkin_ws/build/CMakeFiles/CMakeTmp/CheckSymbolExists.cxx:
/* */
#include <QtCore/qglobal.h>

int main(int argc, char** argv)
{
  (void)argv;
#ifndef Q_WS_WIN
  return ((int*)(&Q_WS_WIN))[argc];
#else
  (void)argc;
  return 0;
#endif
}

Determining if the Q_WS_QWS exist failed with the following output:
Change Dir: /home/jonathan/catkin_ws/build/CMakeFiles/CMakeTmp

Run Build Command:/usr/bin/make "cmTryCompileExec846644777/fast"
/usr/bin/make -f CMakeFiles/cmTryCompileExec846644777.dir/build.make CMakeFiles/cmTryCompileExec846644777.dir/build
make[1]: Entering directory `/home/jonathan/catkin_ws/build/CMakeFiles/CMakeTmp'
/usr/bin/cmake -E cmake_progress_report /home/jonathan/catkin_ws/build/CMakeFiles/CMakeTmp/CMakeFiles 1
Building CXX object CMakeFiles/cmTryCompileExec846644777.dir/CheckSymbolExists.cxx.o
/usr/bin/c++    -I/usr/include/qt4    -o CMakeFiles/cmTryCompileExec846644777.dir/CheckSymbolExists.cxx.o -c /home/jonathan/catkin_ws/build/CMakeFiles/CMakeTmp/CheckSymbolExists.cxx
/home/jonathan/catkin_ws/build/CMakeFiles/CMakeTmp/CheckSymbolExists.cxx: In function ‘int main(int, char**)’:
/home/jonathan/catkin_ws/build/CMakeFiles/CMakeTmp/CheckSymbolExists.cxx:8:19: error: ‘Q_WS_QWS’ was not declared in this scope
   return ((int*)(&Q_WS_QWS))[argc];
                   ^
make[1]: *** [CMakeFiles/cmTryCompileExec846644777.dir/CheckSymbolExists.cxx.o] Error 1
make[1]: Leaving directory `/home/jonathan/catkin_ws/build/CMakeFiles/CMakeTmp'
make: *** [cmTryCompileExec846644777/fast] Error 2

File /home/jonathan/catkin_ws/build/CMakeFiles/CMakeTmp/CheckSymbolExists.cxx:
/* */
#include <QtCore/qglobal.h>

int main(int argc, char** argv)
{
  (void)argv;
#ifndef Q_WS_QWS
  return ((int*)(&Q_WS_QWS))[argc];
#else
  (void)argc;
  return 0;
#endif
}

Determining if the Q_WS_MAC exist failed with the following output:
Change Dir: /home/jonathan/catkin_ws/build/CMakeFiles/CMakeTmp

Run Build Command:/usr/bin/make "cmTryCompileExec1594234106/fast"
/usr/bin/make -f CMakeFiles/cmTryCompileExec1594234106.dir/build.make CMakeFiles/cmTryCompileExec1594234106.dir/build
make[1]: Entering directory `/home/jonathan/catkin_ws/build/CMakeFiles/CMakeTmp'
/usr/bin/cmake -E cmake_progress_report /home/jonathan/catkin_ws/build/CMakeFiles/CMakeTmp/CMakeFiles 1
Building CXX object CMakeFiles/cmTryCompileExec1594234106.dir/CheckSymbolExists.cxx.o
/usr/bin/c++    -I/usr/include/qt4    -o CMakeFiles/cmTryCompileExec1594234106.dir/CheckSymbolExists.cxx.o -c /home/jonathan/catkin_ws/build/CMakeFiles/CMakeTmp/CheckSymbolExists.cxx
/home/jonathan/catkin_ws/build/CMakeFiles/CMakeTmp/CheckSymbolExists.cxx: In function ‘int main(int, char**)’:
/home/jonathan/catkin_ws/build/CMakeFiles/CMakeTmp/CheckSymbolExists.cxx:8:19: error: ‘Q_WS_MAC’ was not declared in this scope
   return ((int*)(&Q_WS_MAC))[argc];
                   ^
make[1]: *** [CMakeFiles/cmTryCompileExec1594234106.dir/CheckSymbolExists.cxx.o] Error 1
make[1]: Leaving directory `/home/jonathan/catkin_ws/build/CMakeFiles/CMakeTmp'
make: *** [cmTryCompileExec1594234106/fast] Error 2

File /home/jonathan/catkin_ws/build/CMakeFiles/CMakeTmp/CheckSymbolExists.cxx:
/* */
#include <QtCore/qglobal.h>

int main(int argc, char** argv)
{
  (void)argv;
#ifndef Q_WS_MAC
  return ((int*)(&Q_WS_MAC))[argc];
#else
  (void)argc;
  return 0;
#endif
}

